2025-12-21 17:21:32,550 - INFO - Data we have :
       var_1  var_2  var_3  var_4  var_5  var_6  var_7  var_8  ...  var_294  var_295  var_296  var_297  var_298  var_299     var_300  target
0          0      0    0.0   0.00    0.0      0      0      0  ...        0        0        0        0        0      0.0      0.0000       0
1          0      0    0.0   3.00    0.0      0      0      0  ...        0        0        0        0        0      0.0      0.0000       0
2          0      0    0.0   5.88    0.0      0      0      0  ...        0        3        0        0        0      0.0  67772.7216       0
3          0      0    0.0  14.10    0.0      0      0      0  ...        0        0        0        0        0      0.0      0.0000       0
4          0      0    0.0   5.76    0.0      0      0      0  ...        0        0        0        0        0      0.0      0.0000       0
...      ...    ...    ...    ...    ...    ...    ...    ...  ...      ...      ...      ...      ...      ...      ...         ...     ...
49995      0      0    0.0   2.85    0.0      0      0      0  ...        0        0        0        0        0      0.0      0.0000       0
49996      0      0    0.0   2.91    0.0      0      0      0  ...        0        0        0        0        0      0.0      0.0000       0
49997      0      0    0.0   8.46    0.0      0      0      0  ...        0        0        0        0        0      0.0      0.0000       0
49998      0      0    0.0   2.76    0.0      0      0      0  ...        0        0        0        0        0      0.0      0.0000       0
49999      0      0    0.0   5.64    0.0      0      0      0  ...        0        0        0        0        0      0.0      0.0000       0

[50000 rows x 301 columns]
2025-12-21 17:21:32,550 - INFO - shape:
(50000, 301)
2025-12-21 17:21:32,582 - INFO - null values:
var_1      0
var_2      0
var_3      0
var_4      0
var_5      0
          ..
var_297    0
var_298    0
var_299    0
var_300    0
target     0
Length: 301, dtype: int64
2025-12-21 17:21:32,582 - INFO - int64
2025-12-21 17:21:32,583 - INFO - int64
2025-12-21 17:21:32,583 - INFO - float64
2025-12-21 17:21:32,583 - INFO - float64
2025-12-21 17:21:32,583 - INFO - float64
2025-12-21 17:21:32,583 - INFO - int64
2025-12-21 17:21:32,583 - INFO - int64
2025-12-21 17:21:32,583 - INFO - int64
2025-12-21 17:21:32,584 - INFO - int64
2025-12-21 17:21:32,584 - INFO - int64
2025-12-21 17:21:32,584 - INFO - float64
2025-12-21 17:21:32,584 - INFO - float64
2025-12-21 17:21:32,584 - INFO - float64
2025-12-21 17:21:32,584 - INFO - int64
2025-12-21 17:21:32,584 - INFO - int64
2025-12-21 17:21:32,584 - INFO - float64
2025-12-21 17:21:32,584 - INFO - float64
2025-12-21 17:21:32,584 - INFO - float64
2025-12-21 17:21:32,585 - INFO - int64
2025-12-21 17:21:32,585 - INFO - int64
2025-12-21 17:21:32,585 - INFO - float64
2025-12-21 17:21:32,585 - INFO - float64
2025-12-21 17:21:32,585 - INFO - int64
2025-12-21 17:21:32,585 - INFO - int64
2025-12-21 17:21:32,585 - INFO - int64
2025-12-21 17:21:32,585 - INFO - float64
2025-12-21 17:21:32,585 - INFO - float64
2025-12-21 17:21:32,586 - INFO - int64
2025-12-21 17:21:32,586 - INFO - float64
2025-12-21 17:21:32,586 - INFO - float64
2025-12-21 17:21:32,586 - INFO - int64
2025-12-21 17:21:32,586 - INFO - float64
2025-12-21 17:21:32,586 - INFO - int64
2025-12-21 17:21:32,586 - INFO - int64
2025-12-21 17:21:32,586 - INFO - float64
2025-12-21 17:21:32,586 - INFO - int64
2025-12-21 17:21:32,586 - INFO - int64
2025-12-21 17:21:32,587 - INFO - int64
2025-12-21 17:21:32,587 - INFO - float64
2025-12-21 17:21:32,587 - INFO - float64
2025-12-21 17:21:32,587 - INFO - float64
2025-12-21 17:21:32,587 - INFO - float64
2025-12-21 17:21:32,587 - INFO - int64
2025-12-21 17:21:32,587 - INFO - int64
2025-12-21 17:21:32,587 - INFO - int64
2025-12-21 17:21:32,587 - INFO - float64
2025-12-21 17:21:32,587 - INFO - float64
2025-12-21 17:21:32,587 - INFO - float64
2025-12-21 17:21:32,587 - INFO - int64
2025-12-21 17:21:32,587 - INFO - float64
2025-12-21 17:21:32,588 - INFO - int64
2025-12-21 17:21:32,588 - INFO - int64
2025-12-21 17:21:32,588 - INFO - int64
2025-12-21 17:21:32,588 - INFO - int64
2025-12-21 17:21:32,588 - INFO - float64
2025-12-21 17:21:32,588 - INFO - int64
2025-12-21 17:21:32,588 - INFO - float64
2025-12-21 17:21:32,589 - INFO - int64
2025-12-21 17:21:32,589 - INFO - int64
2025-12-21 17:21:32,589 - INFO - int64
2025-12-21 17:21:32,589 - INFO - int64
2025-12-21 17:21:32,589 - INFO - int64
2025-12-21 17:21:32,589 - INFO - int64
2025-12-21 17:21:32,589 - INFO - float64
2025-12-21 17:21:32,589 - INFO - float64
2025-12-21 17:21:32,589 - INFO - int64
2025-12-21 17:21:32,589 - INFO - int64
2025-12-21 17:21:32,589 - INFO - int64
2025-12-21 17:21:32,590 - INFO - int64
2025-12-21 17:21:32,590 - INFO - int64
2025-12-21 17:21:32,590 - INFO - int64
2025-12-21 17:21:32,590 - INFO - int64
2025-12-21 17:21:32,590 - INFO - int64
2025-12-21 17:21:32,590 - INFO - int64
2025-12-21 17:21:32,590 - INFO - float64
2025-12-21 17:21:32,590 - INFO - float64
2025-12-21 17:21:32,591 - INFO - float64
2025-12-21 17:21:32,591 - INFO - float64
2025-12-21 17:21:32,591 - INFO - float64
2025-12-21 17:21:32,591 - INFO - int64
2025-12-21 17:21:32,591 - INFO - int64
2025-12-21 17:21:32,591 - INFO - int64
2025-12-21 17:21:32,591 - INFO - int64
2025-12-21 17:21:32,591 - INFO - int64
2025-12-21 17:21:32,591 - INFO - float64
2025-12-21 17:21:32,592 - INFO - float64
2025-12-21 17:21:32,592 - INFO - int64
2025-12-21 17:21:32,592 - INFO - int64
2025-12-21 17:21:32,592 - INFO - float64
2025-12-21 17:21:32,592 - INFO - float64
2025-12-21 17:21:32,592 - INFO - float64
2025-12-21 17:21:32,592 - INFO - int64
2025-12-21 17:21:32,592 - INFO - float64
2025-12-21 17:21:32,592 - INFO - int64
2025-12-21 17:21:32,592 - INFO - int64
2025-12-21 17:21:32,592 - INFO - float64
2025-12-21 17:21:32,592 - INFO - int64
2025-12-21 17:21:32,592 - INFO - float64
2025-12-21 17:21:32,593 - INFO - int64
2025-12-21 17:21:32,593 - INFO - float64
2025-12-21 17:21:32,593 - INFO - float64
2025-12-21 17:21:32,593 - INFO - float64
2025-12-21 17:21:32,593 - INFO - int64
2025-12-21 17:21:32,593 - INFO - int64
2025-12-21 17:21:32,593 - INFO - float64
2025-12-21 17:21:32,593 - INFO - int64
2025-12-21 17:21:32,593 - INFO - int64
2025-12-21 17:21:32,593 - INFO - float64
2025-12-21 17:21:32,593 - INFO - float64
2025-12-21 17:21:32,593 - INFO - float64
2025-12-21 17:21:32,593 - INFO - int64
2025-12-21 17:21:32,593 - INFO - int64
2025-12-21 17:21:32,593 - INFO - int64
2025-12-21 17:21:32,593 - INFO - int64
2025-12-21 17:21:32,594 - INFO - float64
2025-12-21 17:21:32,594 - INFO - int64
2025-12-21 17:21:32,594 - INFO - int64
2025-12-21 17:21:32,594 - INFO - float64
2025-12-21 17:21:32,594 - INFO - float64
2025-12-21 17:21:32,594 - INFO - int64
2025-12-21 17:21:32,594 - INFO - int64
2025-12-21 17:21:32,594 - INFO - int64
2025-12-21 17:21:32,594 - INFO - int64
2025-12-21 17:21:32,594 - INFO - int64
2025-12-21 17:21:32,594 - INFO - float64
2025-12-21 17:21:32,594 - INFO - float64
2025-12-21 17:21:32,595 - INFO - int64
2025-12-21 17:21:32,595 - INFO - float64
2025-12-21 17:21:32,595 - INFO - int64
2025-12-21 17:21:32,595 - INFO - float64
2025-12-21 17:21:32,595 - INFO - float64
2025-12-21 17:21:32,595 - INFO - int64
2025-12-21 17:21:32,595 - INFO - int64
2025-12-21 17:21:32,595 - INFO - float64
2025-12-21 17:21:32,596 - INFO - int64
2025-12-21 17:21:32,596 - INFO - float64
2025-12-21 17:21:32,596 - INFO - int64
2025-12-21 17:21:32,596 - INFO - float64
2025-12-21 17:21:32,596 - INFO - float64
2025-12-21 17:21:32,596 - INFO - float64
2025-12-21 17:21:32,596 - INFO - int64
2025-12-21 17:21:32,596 - INFO - float64
2025-12-21 17:21:32,597 - INFO - int64
2025-12-21 17:21:32,597 - INFO - float64
2025-12-21 17:21:32,597 - INFO - float64
2025-12-21 17:21:32,597 - INFO - int64
2025-12-21 17:21:32,597 - INFO - float64
2025-12-21 17:21:32,597 - INFO - int64
2025-12-21 17:21:32,597 - INFO - int64
2025-12-21 17:21:32,597 - INFO - float64
2025-12-21 17:21:32,597 - INFO - int64
2025-12-21 17:21:32,598 - INFO - int64
2025-12-21 17:21:32,598 - INFO - float64
2025-12-21 17:21:32,598 - INFO - float64
2025-12-21 17:21:32,598 - INFO - int64
2025-12-21 17:21:32,598 - INFO - float64
2025-12-21 17:21:32,598 - INFO - float64
2025-12-21 17:21:32,598 - INFO - int64
2025-12-21 17:21:32,598 - INFO - int64
2025-12-21 17:21:32,598 - INFO - int64
2025-12-21 17:21:32,598 - INFO - float64
2025-12-21 17:21:32,599 - INFO - int64
2025-12-21 17:21:32,599 - INFO - int64
2025-12-21 17:21:32,599 - INFO - int64
2025-12-21 17:21:32,599 - INFO - float64
2025-12-21 17:21:32,599 - INFO - float64
2025-12-21 17:21:32,599 - INFO - int64
2025-12-21 17:21:32,599 - INFO - int64
2025-12-21 17:21:32,599 - INFO - int64
2025-12-21 17:21:32,599 - INFO - int64
2025-12-21 17:21:32,599 - INFO - int64
2025-12-21 17:21:32,600 - INFO - int64
2025-12-21 17:21:32,600 - INFO - float64
2025-12-21 17:21:32,600 - INFO - int64
2025-12-21 17:21:32,600 - INFO - int64
2025-12-21 17:21:32,600 - INFO - int64
2025-12-21 17:21:32,600 - INFO - int64
2025-12-21 17:21:32,600 - INFO - float64
2025-12-21 17:21:32,600 - INFO - int64
2025-12-21 17:21:32,600 - INFO - float64
2025-12-21 17:21:32,600 - INFO - int64
2025-12-21 17:21:32,600 - INFO - int64
2025-12-21 17:21:32,600 - INFO - int64
2025-12-21 17:21:32,600 - INFO - float64
2025-12-21 17:21:32,600 - INFO - float64
2025-12-21 17:21:32,601 - INFO - float64
2025-12-21 17:21:32,601 - INFO - int64
2025-12-21 17:21:32,601 - INFO - float64
2025-12-21 17:21:32,601 - INFO - int64
2025-12-21 17:21:32,601 - INFO - float64
2025-12-21 17:21:32,601 - INFO - float64
2025-12-21 17:21:32,601 - INFO - float64
2025-12-21 17:21:32,601 - INFO - float64
2025-12-21 17:21:32,601 - INFO - int64
2025-12-21 17:21:32,601 - INFO - int64
2025-12-21 17:21:32,601 - INFO - int64
2025-12-21 17:21:32,601 - INFO - int64
2025-12-21 17:21:32,601 - INFO - int64
2025-12-21 17:21:32,601 - INFO - int64
2025-12-21 17:21:32,601 - INFO - float64
2025-12-21 17:21:32,601 - INFO - int64
2025-12-21 17:21:32,601 - INFO - int64
2025-12-21 17:21:32,601 - INFO - float64
2025-12-21 17:21:32,602 - INFO - float64
2025-12-21 17:21:32,602 - INFO - float64
2025-12-21 17:21:32,602 - INFO - int64
2025-12-21 17:21:32,602 - INFO - float64
2025-12-21 17:21:32,602 - INFO - float64
2025-12-21 17:21:32,602 - INFO - int64
2025-12-21 17:21:32,602 - INFO - float64
2025-12-21 17:21:32,602 - INFO - int64
2025-12-21 17:21:32,602 - INFO - int64
2025-12-21 17:21:32,602 - INFO - float64
2025-12-21 17:21:32,602 - INFO - float64
2025-12-21 17:21:32,603 - INFO - int64
2025-12-21 17:21:32,603 - INFO - int64
2025-12-21 17:21:32,603 - INFO - int64
2025-12-21 17:21:32,603 - INFO - int64
2025-12-21 17:21:32,603 - INFO - int64
2025-12-21 17:21:32,603 - INFO - float64
2025-12-21 17:21:32,603 - INFO - int64
2025-12-21 17:21:32,603 - INFO - float64
2025-12-21 17:21:32,603 - INFO - int64
2025-12-21 17:21:32,603 - INFO - int64
2025-12-21 17:21:32,604 - INFO - int64
2025-12-21 17:21:32,604 - INFO - int64
2025-12-21 17:21:32,604 - INFO - float64
2025-12-21 17:21:32,604 - INFO - float64
2025-12-21 17:21:32,604 - INFO - int64
2025-12-21 17:21:32,604 - INFO - int64
2025-12-21 17:21:32,604 - INFO - float64
2025-12-21 17:21:32,604 - INFO - int64
2025-12-21 17:21:32,604 - INFO - int64
2025-12-21 17:21:32,604 - INFO - int64
2025-12-21 17:21:32,604 - INFO - int64
2025-12-21 17:21:32,604 - INFO - int64
2025-12-21 17:21:32,604 - INFO - float64
2025-12-21 17:21:32,604 - INFO - int64
2025-12-21 17:21:32,604 - INFO - int64
2025-12-21 17:21:32,605 - INFO - float64
2025-12-21 17:21:32,605 - INFO - int64
2025-12-21 17:21:32,605 - INFO - float64
2025-12-21 17:21:32,605 - INFO - float64
2025-12-21 17:21:32,605 - INFO - float64
2025-12-21 17:21:32,605 - INFO - int64
2025-12-21 17:21:32,605 - INFO - float64
2025-12-21 17:21:32,605 - INFO - int64
2025-12-21 17:21:32,605 - INFO - int64
2025-12-21 17:21:32,605 - INFO - int64
2025-12-21 17:21:32,605 - INFO - int64
2025-12-21 17:21:32,605 - INFO - int64
2025-12-21 17:21:32,605 - INFO - int64
2025-12-21 17:21:32,605 - INFO - float64
2025-12-21 17:21:32,605 - INFO - float64
2025-12-21 17:21:32,605 - INFO - float64
2025-12-21 17:21:32,606 - INFO - int64
2025-12-21 17:21:32,606 - INFO - float64
2025-12-21 17:21:32,606 - INFO - int64
2025-12-21 17:21:32,606 - INFO - int64
2025-12-21 17:21:32,606 - INFO - int64
2025-12-21 17:21:32,606 - INFO - float64
2025-12-21 17:21:32,606 - INFO - int64
2025-12-21 17:21:32,606 - INFO - int64
2025-12-21 17:21:32,606 - INFO - float64
2025-12-21 17:21:32,606 - INFO - float64
2025-12-21 17:21:32,606 - INFO - float64
2025-12-21 17:21:32,606 - INFO - int64
2025-12-21 17:21:32,606 - INFO - float64
2025-12-21 17:21:32,606 - INFO - int64
2025-12-21 17:21:32,606 - INFO - int64
2025-12-21 17:21:32,606 - INFO - float64
2025-12-21 17:21:32,606 - INFO - float64
2025-12-21 17:21:32,606 - INFO - int64
2025-12-21 17:21:32,607 - INFO - int64
2025-12-21 17:21:32,607 - INFO - int64
2025-12-21 17:21:32,607 - INFO - float64
2025-12-21 17:21:32,607 - INFO - float64
2025-12-21 17:21:32,607 - INFO - int64
2025-12-21 17:21:32,607 - INFO - float64
2025-12-21 17:21:32,607 - INFO - float64
2025-12-21 17:21:32,607 - INFO - int64
2025-12-21 17:21:32,607 - INFO - int64
2025-12-21 17:21:32,607 - INFO - float64
2025-12-21 17:21:32,607 - INFO - int64
2025-12-21 17:21:32,607 - INFO - int64
2025-12-21 17:21:32,607 - INFO - float64
2025-12-21 17:21:32,607 - INFO - int64
2025-12-21 17:21:32,607 - INFO - float64
2025-12-21 17:21:32,607 - INFO - int64
2025-12-21 17:21:32,607 - INFO - float64
2025-12-21 17:21:32,607 - INFO - int64
2025-12-21 17:21:32,608 - INFO - float64
2025-12-21 17:21:32,608 - INFO - int64
2025-12-21 17:21:32,608 - INFO - int64
2025-12-21 17:21:32,608 - INFO - int64
2025-12-21 17:21:32,608 - INFO - int64
2025-12-21 17:21:32,608 - INFO - int64
2025-12-21 17:21:32,608 - INFO - int64
2025-12-21 17:21:32,608 - INFO - float64
2025-12-21 17:21:32,608 - INFO - float64
2025-12-21 17:21:32,608 - INFO - int64
2025-12-21 17:21:32,641 - INFO - X shape:
(50000, 300)
2025-12-21 17:21:32,641 - INFO - y shape:
(50000,)
2025-12-21 17:21:32,759 - INFO - There are no missing values in X_train and X_test
